# JRE version: Java(TM) SE Runtime Environment (8.0_101-b13) (build 1.8.0_101-b13)
# Java VM: Java HotSpot(TM) 64-Bit Server VM (25.101-b13 mixed mode linux-amd64 compressed oops)
Heap:
 PSYoungGen      total 285184K, used 485K [0x00000000eab00000, 0x0000000100000000, 0x0000000100000000)
  eden space 251392K, 0% used [0x00000000eab00000,0x00000000eab00000,0x00000000fa080000)
  from space 33792K, 1% used [0x00000000fa080000,0x00000000fa0f9500,0x00000000fc180000)
  to   space 64000K, 0% used [0x00000000fc180000,0x00000000fc180000,0x0000000100000000)
 ParOldGen       total 217600K, used 217446K [0x00000000c0000000, 0x00000000cd480000, 0x00000000eab00000)
  object space 217600K, 99% used [0x00000000c0000000,0x00000000cd4598e0,0x00000000cd480000)
 Metaspace       used 6451K, capacity 7256K, committed 7424K, reserved 1056768K
  class space    used 612K, capacity 656K, committed 768K, reserved 1048576K
GC Heap History (10 events):
Event: 17.386 GC heap after
Heap after GC invocations=6 (full 0):
 PSYoungGen      total 282624K, used 24149K [0x00000000eab00000, 0x00000000fe500000, 0x0000000100000000)
  eden space 251392K, 0% used [0x00000000eab00000,0x00000000eab00000,0x00000000fa080000)
  from space 31232K, 77% used [0x00000000fc180000,0x00000000fd915430,0x00000000fe000000)
  to   space 33792K, 0% used [0x00000000fa080000,0x00000000fa080000,0x00000000fc180000)
 ParOldGen       total 84992K, used 49507K [0x00000000c0000000, 0x00000000c5300000, 0x00000000eab00000)
  object space 84992K, 58% used [0x00000000c0000000,0x00000000c3058e60,0x00000000c5300000)
 Metaspace       used 6429K, capacity 7192K, committed 7424K, reserved 1056768K
  class space    used 610K, capacity 656K, committed 768K, reserved 1048576K
}
Event: 21.566 GC heap before
{Heap before GC invocations=7 (full 0):
 PSYoungGen      total 282624K, used 275541K [0x00000000eab00000, 0x00000000fe500000, 0x0000000100000000)
  eden space 251392K, 100% used [0x00000000eab00000,0x00000000fa080000,0x00000000fa080000)
  from space 31232K, 77% used [0x00000000fc180000,0x00000000fd915430,0x00000000fe000000)
  to   space 33792K, 0% used [0x00000000fa080000,0x00000000fa080000,0x00000000fc180000)
 ParOldGen       total 84992K, used 49507K [0x00000000c0000000, 0x00000000c5300000, 0x00000000eab00000)
  object space 84992K, 58% used [0x00000000c0000000,0x00000000c3058e60,0x00000000c5300000)
 Metaspace       used 6435K, capacity 7256K, committed 7424K, reserved 1056768K
  class space    used 610K, capacity 656K, committed 768K, reserved 1048576K
Event: 21.993 GC heap after
Heap after GC invocations=7 (full 0):
 PSYoungGen      total 282624K, used 275541K [0x00000000eab00000, 0x00000000fe500000, 0x0000000100000000)
  eden space 251392K, 100% used [0x00000000eab00000,0x00000000fa080000,0x00000000fa080000)
  from space 31232K, 77% used [0x00000000fc180000,0x00000000fd915430,0x00000000fe000000)
  to   space 33792K, 99% used [0x00000000fa080000,0x00000000fc17b080,0x00000000fc180000)
 ParOldGen       total 173568K, used 170263K [0x00000000c0000000, 0x00000000ca980000, 0x00000000eab00000)
  object space 173568K, 98% used [0x00000000c0000000,0x00000000ca645dd0,0x00000000ca980000)
 Metaspace       used 6435K, capacity 7256K, committed 7424K, reserved 1056768K
  class space    used 610K, capacity 656K, committed 768K, reserved 1048576K
}
Event: 21.993 GC heap before
{Heap before GC invocations=8 (full 1):
 PSYoungGen      total 282624K, used 275541K [0x00000000eab00000, 0x00000000fe500000, 0x0000000100000000)
  eden space 251392K, 100% used [0x00000000eab00000,0x00000000fa080000,0x00000000fa080000)
  from space 31232K, 77% used [0x00000000fc180000,0x00000000fd915430,0x00000000fe000000)
  to   space 33792K, 99% used [0x00000000fa080000,0x00000000fc17b080,0x00000000fc180000)
 ParOldGen       total 173568K, used 170263K [0x00000000c0000000, 0x00000000ca980000, 0x00000000eab00000)
  object space 173568K, 98% used [0x00000000c0000000,0x00000000ca645dd0,0x00000000ca980000)
 Metaspace       used 6435K, capacity 7256K, committed 7424K, reserved 1056768K
  class space    used 610K, capacity 656K, committed 768K, reserved 1048576K
Event: 23.277 GC heap after
Heap after GC invocations=8 (full 1):
 PSYoungGen      total 282624K, used 0K [0x00000000eab00000, 0x00000000fe500000, 0x0000000100000000)
  eden space 251392K, 0% used [0x00000000eab00000,0x00000000eab00000,0x00000000fa080000)
  from space 31232K, 0% used [0x00000000fc180000,0x00000000fc180000,0x00000000fe000000)
  to   space 33792K, 64% used [0x00000000fa080000,0x00000000fb5c8be0,0x00000000fc180000)
 ParOldGen       total 246272K, used 173433K [0x00000000c0000000, 0x00000000cf080000, 0x00000000eab00000)
  object space 246272K, 70% used [0x00000000c0000000,0x00000000ca95e5e8,0x00000000cf080000)
 Metaspace       used 6435K, capacity 7256K, committed 7424K, reserved 1056768K
  class space    used 610K, capacity 656K, committed 768K, reserved 1048576K
}
Event: 24.168 GC heap before
{Heap before GC invocations=9 (full 2):
 PSYoungGen      total 282624K, used 251392K [0x00000000eab00000, 0x00000000fe500000, 0x0000000100000000)
  eden space 251392K, 100% used [0x00000000eab00000,0x00000000fa080000,0x00000000fa080000)
  from space 31232K, 0% used [0x00000000fc180000,0x00000000fc180000,0x00000000fe000000)
  to   space 33792K, 64% used [0x00000000fa080000,0x00000000fb5c8be0,0x00000000fc180000)
 ParOldGen       total 246272K, used 173433K [0x00000000c0000000, 0x00000000cf080000, 0x00000000eab00000)
  object space 246272K, 70% used [0x00000000c0000000,0x00000000ca95e5e8,0x00000000cf080000)
 Metaspace       used 6448K, capacity 7256K, committed 7424K, reserved 1056768K
  class space    used 612K, capacity 656K, committed 768K, reserved 1048576K
Event: 24.595 GC heap after
Heap after GC invocations=9 (full 2):
 PSYoungGen      total 282624K, used 0K [0x00000000eab00000, 0x00000000fe500000, 0x0000000100000000)
  eden space 251392K, 0% used [0x00000000eab00000,0x00000000eab00000,0x00000000fa080000)
  from space 31232K, 0% used [0x00000000fc180000,0x00000000fc180000,0x00000000fe000000)
  to   space 33792K, 0% used [0x00000000fa080000,0x00000000fa080000,0x00000000fc180000)
 ParOldGen       total 217600K, used 105514K [0x00000000c0000000, 0x00000000cd480000, 0x00000000eab00000)
  object space 217600K, 48% used [0x00000000c0000000,0x00000000c670a9f0,0x00000000cd480000)
 Metaspace       used 6448K, capacity 7256K, committed 7424K, reserved 1056768K
  class space    used 612K, capacity 656K, committed 768K, reserved 1048576K
}
Event: 25.261 GC heap before
{Heap before GC invocations=10 (full 2):
 PSYoungGen      total 282624K, used 251392K [0x00000000eab00000, 0x00000000fe500000, 0x0000000100000000)
  eden space 251392K, 100% used [0x00000000eab00000,0x00000000fa080000,0x00000000fa080000)
  from space 31232K, 0% used [0x00000000fc180000,0x00000000fc180000,0x00000000fe000000)
  to   space 33792K, 0% used [0x00000000fa080000,0x00000000fa080000,0x00000000fc180000)
 ParOldGen       total 217600K, used 105514K [0x00000000c0000000, 0x00000000cd480000, 0x00000000eab00000)
  object space 217600K, 48% used [0x00000000c0000000,0x00000000c670a9f0,0x00000000cd480000)
 Metaspace       used 6451K, capacity 7256K, committed 7424K, reserved 1056768K
  class space    used 612K, capacity 656K, committed 768K, reserved 1048576K
Event: 25.368 GC heap after
Heap after GC invocations=10 (full 2):
 PSYoungGen      total 285184K, used 33780K [0x00000000eab00000, 0x0000000100000000, 0x0000000100000000)
  eden space 251392K, 0% used [0x00000000eab00000,0x00000000eab00000,0x00000000fa080000)
  from space 33792K, 99% used [0x00000000fa080000,0x00000000fc17d2f8,0x00000000fc180000)
  to   space 64000K, 0% used [0x00000000fc180000,0x00000000fc180000,0x0000000100000000)
 ParOldGen       total 217600K, used 204146K [0x00000000c0000000, 0x00000000cd480000, 0x00000000eab00000)
  object space 217600K, 93% used [0x00000000c0000000,0x00000000cc75c9d8,0x00000000cd480000)
 Metaspace       used 6451K, capacity 7256K, committed 7424K, reserved 1056768K
  class space    used 612K, capacity 656K, committed 768K, reserved 1048576K
}
Event: 25.368 GC heap before
{Heap before GC invocations=11 (full 3):
 PSYoungGen      total 285184K, used 33780K [0x00000000eab00000, 0x0000000100000000, 0x0000000100000000)
  eden space 251392K, 0% used [0x00000000eab00000,0x00000000eab00000,0x00000000fa080000)
  from space 33792K, 99% used [0x00000000fa080000,0x00000000fc17d2f8,0x00000000fc180000)
  to   space 64000K, 0% used [0x00000000fc180000,0x00000000fc180000,0x0000000100000000)
 ParOldGen       total 217600K, used 204146K [0x00000000c0000000, 0x00000000cd480000, 0x00000000eab00000)
  object space 217600K, 93% used [0x00000000c0000000,0x00000000cc75c9d8,0x00000000cd480000)
 Metaspace       used 6451K, capacity 7256K, committed 7424K, reserved 1056768K
  class space    used 612K, capacity 656K, committed 768K, reserved 1048576K

